<?xml version="1.0" encoding="UTF-8"?>
<testsuite xmlns:xsi="http://www.w3.org/2001/XMLSchema-instance" xsi:noNamespaceSchemaLocation="https://maven.apache.org/surefire/maven-surefire-plugin/xsd/surefire-test-report-3.0.xsd" version="3.0" name="QualityTest" time="0.003" tests="1" errors="0" skipped="0" failures="0">
  <properties>
[...]
</properties>
  <testcase name="qualityTest" classname="QualityTest" time="0.002">
    <system-out><![CDATA[Test MSE: OK
Test MAE: OK
Test SAE: OK
Test PSNR: OK
Test RGB: OK
Test SSIM: OK
Test MSSIM: OK
All test passed successfully
]]></system-out>
  </testcase>
</testsuite>